<?xml version="1.0" encoding="UTF-8"?>
<testng-results ignored="0" total="3" passed="3" failed="0" skipped="0">
  <reporter-output>
  </reporter-output>
  <suite started-at="2020-01-07T17:26:55Z" name="Suite" finished-at="2020-01-07T17:26:55Z" duration-ms="15">
    <groups>
    </groups>
    <test started-at="2020-01-07T17:26:55Z" name="Test" finished-at="2020-01-07T17:26:55Z" duration-ms="15">
      <class name="sampleTest.project1">
        <test-method is-config="true" signature="testcase8()[pri:0, instance:sampleTest.project1@16610890]" started-at="2020-01-07T17:26:55Z" name="testcase8" finished-at="2020-01-07T17:26:55Z" duration-ms="8" status="PASS">
          <reporter-output>
          </reporter-output>
        </test-method> <!-- testcase8 -->
        <test-method is-config="true" signature="testcase2()[pri:0, instance:sampleTest.project1@16610890]" started-at="2020-01-07T17:26:55Z" name="testcase2" finished-at="2020-01-07T17:26:55Z" duration-ms="0" status="PASS">
          <reporter-output>
          </reporter-output>
        </test-method> <!-- testcase2 -->
        <test-method signature="testcase1()[pri:0, instance:sampleTest.project1@16610890]" started-at="2020-01-07T17:26:55Z" name="testcase1" finished-at="2020-01-07T17:26:55Z" duration-ms="1" status="PASS">
          <reporter-output>
          </reporter-output>
        </test-method> <!-- testcase1 -->
        <test-method is-config="true" signature="testcase4()[pri:0, instance:sampleTest.project1@16610890]" started-at="2020-01-07T17:26:55Z" name="testcase4" finished-at="2020-01-07T17:26:55Z" duration-ms="0" status="PASS">
          <reporter-output>
          </reporter-output>
        </test-method> <!-- testcase4 -->
        <test-method is-config="true" signature="testcase5()[pri:0, instance:sampleTest.project1@16610890]" started-at="2020-01-07T17:26:55Z" name="testcase5" finished-at="2020-01-07T17:26:55Z" duration-ms="0" status="PASS">
          <reporter-output>
          </reporter-output>
        </test-method> <!-- testcase5 -->
        <test-method is-config="true" signature="testcase4()[pri:0, instance:sampleTest.project1@16610890]" started-at="2020-01-07T17:26:55Z" name="testcase4" finished-at="2020-01-07T17:26:55Z" duration-ms="0" status="PASS">
          <reporter-output>
          </reporter-output>
        </test-method> <!-- testcase4 -->
        <test-method signature="testcase10()[pri:0, instance:sampleTest.project1@16610890]" started-at="2020-01-07T17:26:55Z" name="testcase10" finished-at="2020-01-07T17:26:55Z" duration-ms="0" status="PASS">
          <reporter-output>
          </reporter-output>
        </test-method> <!-- testcase10 -->
        <test-method is-config="true" signature="testcase5()[pri:0, instance:sampleTest.project1@16610890]" started-at="2020-01-07T17:26:55Z" name="testcase5" finished-at="2020-01-07T17:26:55Z" duration-ms="0" status="PASS">
          <reporter-output>
          </reporter-output>
        </test-method> <!-- testcase5 -->
        <test-method is-config="true" signature="testcase7()[pri:0, instance:sampleTest.project1@16610890]" started-at="2020-01-07T17:26:55Z" name="testcase7" finished-at="2020-01-07T17:26:55Z" duration-ms="1" status="PASS">
          <reporter-output>
          </reporter-output>
        </test-method> <!-- testcase7 -->
        <test-method is-config="true" signature="testcase5()[pri:0, instance:sampleTest.project1@16610890]" started-at="2020-01-07T17:26:55Z" name="testcase5" finished-at="2020-01-07T17:26:55Z" duration-ms="0" status="PASS">
          <reporter-output>
          </reporter-output>
        </test-method> <!-- testcase5 -->
        <test-method is-config="true" signature="testcase4()[pri:0, instance:sampleTest.project1@16610890]" started-at="2020-01-07T17:26:55Z" name="testcase4" finished-at="2020-01-07T17:26:55Z" duration-ms="0" status="PASS">
          <reporter-output>
          </reporter-output>
        </test-method> <!-- testcase4 -->
        <test-method signature="testcase6()[pri:0, instance:sampleTest.project1@16610890]" started-at="2020-01-07T17:26:55Z" name="testcase6" finished-at="2020-01-07T17:26:55Z" duration-ms="0" status="PASS">
          <reporter-output>
          </reporter-output>
        </test-method> <!-- testcase6 -->
        <test-method is-config="true" signature="testcase3()[pri:0, instance:sampleTest.project1@16610890]" started-at="2020-01-07T17:26:55Z" name="testcase3" finished-at="2020-01-07T17:26:55Z" duration-ms="0" status="PASS">
          <reporter-output>
          </reporter-output>
        </test-method> <!-- testcase3 -->
        <test-method is-config="true" signature="testcase9()[pri:0, instance:sampleTest.project1@16610890]" started-at="2020-01-07T17:26:55Z" name="testcase9" finished-at="2020-01-07T17:26:55Z" duration-ms="0" status="PASS">
          <reporter-output>
          </reporter-output>
        </test-method> <!-- testcase9 -->
      </class> <!-- sampleTest.project1 -->
    </test> <!-- Test -->
  </suite> <!-- Suite -->
</testng-results>
