<?xml version="1.0" encoding="UTF-8"?>
<testsuite xmlns:xsi="http://www.w3.org/2001/XMLSchema-instance" xsi:noNamespaceSchemaLocation="https://maven.apache.org/surefire/maven-surefire-plugin/xsd/surefire-test-report-3.0.xsd" version="3.0" name="TestSuite" time="1.361" tests="3" errors="0" skipped="0" failures="0">
  <properties>
[...]
</properties>
  <testcase name="testcase1" classname="sampleTest.project1" time="0.002"/>
  <testcase name="testcase10" classname="sampleTest.project1" time="0"/>
  <testcase name="testcase6" classname="sampleTest.project1" time="0"/>
</testsuite>